<?xml version="1.0" encoding="UTF-8"?>
<!-- Generated by org.testng.reporters.JUnitReportReporter -->
<testsuite hostname="adiths-Mac-mini.local" failures="0" tests="4" name="MyTests.AnnotationsExample2" time="0.015" errors="0" timestamp="30 Mar 2022 10:13:18 GMT" skipped="0">
  <testcase classname="MyTests.AnnotationsExample2" name="postpaidSearch" time="0.002"/>
  <testcase classname="MyTests.AnnotationsExample2" name="search" time="0.002"/>
  <testcase classname="MyTests.AnnotationsExample2" name="prepaidSearch" time="0.002"/>
  <testcase classname="MyTests.AnnotationsExample2" name="Advsearch" time="0.009"/>
</testsuite> <!-- MyTests.AnnotationsExample2 -->
