<?xml version="1.0" encoding="UTF-8"?>
<!-- Generated by org.testng.reporters.JUnitReportReporter -->
<testsuite hostname="Adiths-MacBook-Pro-2.local" failures="0" tests="2" name="PageObjectModel.LoginTest" time="5.816" errors="0" timestamp="01 Apr 2022 06:56:49 GMT" skipped="0">
  <testcase classname="PageObjectModel.LoginTest" name="verify_ImageTest" time="0.056"/>
  <testcase classname="PageObjectModel.LoginTest" name="loginTest" time="5.760"/>
</testsuite> <!-- PageObjectModel.LoginTest -->
