<?xml version="1.0" encoding="UTF-8"?>
<!-- Generated by org.testng.reporters.JUnitReportReporter -->
<testsuite hostname="Adiths-MacBook-Pro-2.local" failures="0" tests="4" name="FirstTestNGTestCase" time="0.012" errors="0" timestamp="30 Mar 2022 06:18:34 GMT" skipped="0">
  <testcase classname="FirstTestNGTestCase" name="launchApp" time="0.008"/>
  <testcase classname="FirstTestNGTestCase" name="doLogin" time="0.001"/>
  <testcase classname="FirstTestNGTestCase" name="logout" time="0.001"/>
  <testcase classname="FirstTestNGTestCase" name="closeApp" time="0.002"/>
</testsuite> <!-- FirstTestNGTestCase -->
