<?xml version="1.0" encoding="UTF-8"?>
<!-- Generated by org.testng.reporters.JUnitReportReporter -->
<testsuite hostname="Adiths-MacBook-Pro-2.local" failures="0" tests="2" name="PageObjectModel.LoginPagePFTest" time="9.596" errors="0" timestamp="01 Apr 2022 07:05:42 GMT" skipped="0">
  <testcase classname="PageObjectModel.LoginPagePFTest" name="verify_ImageTest" time="0.046"/>
  <testcase classname="PageObjectModel.LoginPagePFTest" name="loginTest" time="9.550"/>
</testsuite> <!-- PageObjectModel.LoginPagePFTest -->
