<?xml version="1.0" encoding="UTF-8"?>
<!-- Generated by org.testng.reporters.JUnitReportReporter -->
<testsuite hostname="adiths-Mac-mini.local" failures="0" tests="2" name="MyTests.AnnotationsExample1" time="0.036" errors="0" timestamp="30 Mar 2022 10:04:13 GMT" skipped="0">
  <testcase classname="MyTests.AnnotationsExample1" name="search" time="0.029"/>
  <testcase classname="MyTests.AnnotationsExample1" name="Advsearch" time="0.007"/>
</testsuite> <!-- MyTests.AnnotationsExample1 -->
