<?xml version="1.0" encoding="UTF-8"?>
<!-- Generated by org.testng.reporters.JUnitReportReporter -->
<testsuite hostname="Adiths-MacBook-Pro-2.local" failures="0" tests="3" name="SecondTestCase" time="9.849" errors="0" timestamp="30 Mar 2022 07:09:48 GMT" skipped="0">
  <testcase classname="SecondTestCase" name="openApp" time="3.856"/>
  <testcase classname="SecondTestCase" name="doLogin" time="5.840"/>
  <testcase classname="SecondTestCase" name="closeApp" time="0.153"/>
</testsuite> <!-- SecondTestCase -->
