<?xml version="1.0" encoding="UTF-8"?>
<!-- Generated by org.testng.reporters.JUnitReportReporter -->
<testsuite hostname="adithautomations-MacBook-Pro.local" failures="0" tests="3" name="MyTests.AnnotationsAllConcept" time="0.008" errors="0" timestamp="2022-12-21T21:03:13 IST" skipped="0">
  <testcase classname="MyTests.AnnotationsAllConcept" name="test1" time="0.005"/>
  <system-out/>
  <testcase classname="MyTests.AnnotationsAllConcept" name="test2" time="0.001"/>
  <system-out/>
  <testcase classname="MyTests.AnnotationsAllConcept" name="test3" time="0.002"/>
  <system-out/>
</testsuite> <!-- MyTests.AnnotationsAllConcept -->
