<?xml version="1.0" encoding="UTF-8"?>
<!-- Generated by org.testng.reporters.JUnitReportReporter -->
<testsuite hostname="Adith" failures="0" tests="3" name="MyTests.AnnotationsAllConcept" time="0.015" errors="0" timestamp="2022-03-30T20:45:33 IST" skipped="0">
  <testcase classname="MyTests.AnnotationsAllConcept" name="test1" time="0.015"/>
  <system-out/>
  <testcase classname="MyTests.AnnotationsAllConcept" name="test2" time="0.000"/>
  <system-out/>
  <testcase classname="MyTests.AnnotationsAllConcept" name="test3" time="0.000"/>
  <system-out/>
</testsuite> <!-- MyTests.AnnotationsAllConcept -->
