<?xml version="1.0" encoding="UTF-8"?>
<!-- Generated by org.testng.reporters.JUnitReportReporter -->
<testsuite hostname="adiths-Mac-mini.local" failures="0" tests="2" name="MyTests.pack1.DBTest1" time="0.009" errors="0" timestamp="30 Mar 2022 11:03:04 GMT" skipped="0">
  <testcase classname="MyTests.pack1.DBTest1" name="test_insert" time="0.007"/>
  <testcase classname="MyTests.pack1.DBTest1" name="test_update" time="0.002"/>
</testsuite> <!-- MyTests.pack1.DBTest1 -->
