<?xml version="1.0" encoding="UTF-8"?>
<!-- Generated by org.testng.reporters.JUnitReportReporter -->
<testsuite hostname="adiths-Mac-mini.local" failures="0" tests="3" name="MyTests.AnnotationsAllConcept" time="0.011" errors="0" timestamp="30 Mar 2022 11:14:05 GMT" skipped="0">
  <testcase classname="MyTests.AnnotationsAllConcept" name="test1" time="0.007"/>
  <testcase classname="MyTests.AnnotationsAllConcept" name="test2" time="0.002"/>
  <testcase classname="MyTests.AnnotationsAllConcept" name="test3" time="0.002"/>
</testsuite> <!-- MyTests.AnnotationsAllConcept -->
