<?xml version="1.0" encoding="UTF-8"?>
<!-- Generated by org.testng.reporters.JUnitReportReporter -->
<testsuite hostname="adiths-Mac-mini.local" failures="0" tests="2" name="MyTests.pack1.DBTest2" time="0.002" errors="0" timestamp="30 Mar 2022 11:03:04 GMT" skipped="0">
  <testcase classname="MyTests.pack1.DBTest2" name="test_select" time="0.001"/>
  <testcase classname="MyTests.pack1.DBTest2" name="test_delete" time="0.001"/>
</testsuite> <!-- MyTests.pack1.DBTest2 -->
