<?xml version="1.0" encoding="UTF-8"?>
<!-- Generated by org.testng.reporters.JUnitReportReporter -->
<testsuite hostname="Adiths-MacBook-Pro-2.local" failures="0" tests="3" name="MyTests.SecondTestCase" time="10.185" errors="0" timestamp="30 Mar 2022 07:21:02 GMT" skipped="0">
  <testcase classname="MyTests.SecondTestCase" name="openApp" time="4.031"/>
  <testcase classname="MyTests.SecondTestCase" name="doLogin" time="5.483"/>
  <testcase classname="MyTests.SecondTestCase" name="closeApp" time="0.671"/>
</testsuite> <!-- MyTests.SecondTestCase -->
