<?xml version="1.0" encoding="UTF-8"?>
<!-- Generated by org.testng.reporters.JUnitReportReporter -->
<testsuite hostname="adiths-Mac-mini.local" failures="0" tests="3" name="MyTests.GroupingTestConcept" time="0.028" errors="0" timestamp="30 Mar 2022 12:51:37 GMT" skipped="0">
  <testcase classname="MyTests.GroupingTestConcept" name="signUpByFacebook" time="0.026"/>
  <testcase classname="MyTests.GroupingTestConcept" name="signUpByTwitter" time="0.001"/>
  <testcase classname="MyTests.GroupingTestConcept" name="payment_In_Rupees" time="0.001"/>
</testsuite> <!-- MyTests.GroupingTestConcept -->
