<?xml version="1.0" encoding="UTF-8"?>
<!-- Generated by org.testng.reporters.JUnitReportReporter -->
<testsuite hostname="adithautomations-MacBook-Pro.local" failures="0" tests="4" name="MyTests.AnnotationsExample2" time="0.008" errors="0" timestamp="2022-12-21T21:02:59 IST" skipped="0">
  <testcase classname="MyTests.AnnotationsExample2" name="search" time="0.004"/>
  <system-out/>
  <testcase classname="MyTests.AnnotationsExample2" name="Advsearch" time="0.002"/>
  <system-out/>
  <testcase classname="MyTests.AnnotationsExample2" name="prepaidSearch" time="0.001"/>
  <system-out/>
  <testcase classname="MyTests.AnnotationsExample2" name="postpaidSearch" time="0.001"/>
  <system-out/>
</testsuite> <!-- MyTests.AnnotationsExample2 -->
